"QUERY PLAN"
"Finalize GroupAggregate  (cost=36695.24..36698.37 rows=23 width=76) (actual time=129.399..130.104 rows=3 loops=1)"
"  Group Key: ((port_arrival -> 'city'::text)), year_arrival, ((port_arrival -> 'port'::text))"
"  ->  Gather Merge  (cost=36695.24..36697.82 rows=20 width=76) (actual time=129.351..130.087 rows=9 loops=1)"
"        Workers Planned: 2"
"        Workers Launched: 2"
"        ->  Partial GroupAggregate  (cost=35695.22..35695.49 rows=10 width=76) (actual time=114.476..114.518 rows=3 loops=3)"
"              Group Key: ((port_arrival -> 'city'::text)), year_arrival, ((port_arrival -> 'port'::text))"
"              ->  Sort  (cost=35695.22..35695.24 rows=10 width=72) (actual time=114.447..114.454 rows=114 loops=3)"
"                    Sort Key: ((port_arrival -> 'city'::text)), year_arrival, ((port_arrival -> 'port'::text))"
"                    Sort Method: quicksort  Memory: 34kB"
"                    Worker 0:  Sort Method: quicksort  Memory: 30kB"
"                    Worker 1:  Sort Method: quicksort  Memory: 31kB"
"                    ->  Parallel Seq Scan on visit  (cost=0.00..35695.05 rows=10 width=72) (actual time=0.455..112.993 rows=114 loops=3)"
"                          Filter: ((port_arrival @> '{""city"": ""Murmansk""}'::jsonb) AND ((year_arrival)::numeric = EXTRACT(year FROM CURRENT_DATE)))"
"                          Rows Removed by Filter: 333219"
"Planning Time: 0.266 ms"
"Execution Time: 131.207 ms"
